<?xml version="1.0" encoding="UTF-8"?>
<!-- Generated by org.testng.reporters.JUnitReportReporter -->
<testsuite skipped="0" hostname="Josephs-MacBook-Pro.local" name="com.fbistech.RCode_Terminal.TestCases.Onboarding_TestCases" tests="1" failures="0" timestamp="2021-06-27T07:24:27 WAT" time="74.580" errors="0">
  <testcase name="verifyRetailerCanOnboardDirectlyUnderSubDealer" time="74.580" classname="com.fbistech.RCode_Terminal.TestCases.Onboarding_TestCases"/>
  <system-out/>
</testsuite> <!-- com.fbistech.RCode_Terminal.TestCases.Onboarding_TestCases -->
