<?xml version="1.0" encoding="UTF-8"?>
<!-- Generated by org.testng.reporters.JUnitReportReporter -->
<testsuite skipped="0" hostname="Josephs-MacBook-Pro.local" name="com.fbistech.TestCases.Direct_SubDealerFunding_TestCase" tests="1" failures="0" timestamp="2021-07-07T11:08:33 WAT" time="17.597" errors="0">
  <testcase name="verifySubDealerCanFund_RetailerOnDownLine" time="17.597" classname="com.fbistech.TestCases.Direct_SubDealerFunding_TestCase"/>
  <system-out/>
</testsuite> <!-- com.fbistech.TestCases.Direct_SubDealerFunding_TestCase -->
