<?xml version="1.0" encoding="UTF-8"?>
<!-- Generated by org.testng.reporters.JUnitReportReporter -->
<testsuite skipped="0" hostname="Josephs-MacBook-Pro.local" name="com.fbistech.RCode_Terminal.TestCases.DirectSubDealerFunding_TestCase" tests="1" failures="0" timestamp="2021-06-28T03:21:59 WAT" time="19.166" errors="0">
  <testcase name="verifySubDealerCanFund_RetailerOnDownLine" time="19.166" classname="com.fbistech.RCode_Terminal.TestCases.DirectSubDealerFunding_TestCase"/>
  <system-out/>
</testsuite> <!-- com.fbistech.RCode_Terminal.TestCases.DirectSubDealerFunding_TestCase -->
