<?xml version="1.0" encoding="UTF-8"?>
<!-- Generated by org.testng.reporters.JUnitReportReporter -->
<testsuite skipped="0" hostname="Josephs-MacBook-Pro.local" name="com.fbistech.TestCases.AirtimeVendingSubDealer_TestCase" tests="1" failures="0" timestamp="2021-07-06T15:22:21 WAT" time="35.662" errors="0">
  <testcase name="verifySubDealerCanVendAirtimeTo_RetailerOnDownline" time="35.662" classname="com.fbistech.TestCases.AirtimeVendingSubDealer_TestCase"/>
  <system-out/>
</testsuite> <!-- com.fbistech.TestCases.AirtimeVendingSubDealer_TestCase -->
