<?xml version="1.0" encoding="UTF-8"?>
<!-- Generated by org.testng.reporters.JUnitReportReporter -->
<testsuite skipped="0" hostname="Josephs-MacBoo.local" name="com.fbistech.RetaileCode_Terminal.Test.SubDealerFundRetailerUnderSubDealer_TestCase" tests="1" failures="0" timestamp="2021-06-04T13:04:08 WAT" time="46.446" errors="0">
  <testcase name="verifyDealerCanFundSubDealer_Downline" time="46.446" classname="com.fbistech.RetaileCode_Terminal.Test.SubDealerFundRetailerUnderSubDealer_TestCase"/>
  <system-out/>
</testsuite> <!-- com.fbistech.RetaileCode_Terminal.Test.SubDealerFundRetailerUnderSubDealer_TestCase -->
