<?xml version="1.0" encoding="UTF-8"?>
<!-- Generated by org.testng.reporters.JUnitReportReporter -->
<testsuite skipped="0" hostname="Josephs-MacBoo.local" name="com.fbistech.RetaileCode_Terminal.Test.PageObjectTestCase" tests="1" failures="0" timestamp="2021-06-01T11:19:37 WAT" time="36.907" errors="0">
  <testcase name="pageObjectTestCase" time="36.907" classname="com.fbistech.RetaileCode_Terminal.Test.PageObjectTestCase"/>
  <system-out/>
</testsuite> <!-- com.fbistech.RetaileCode_Terminal.Test.PageObjectTestCase -->
