<?xml version="1.0" encoding="UTF-8"?>
<!-- Generated by org.testng.reporters.JUnitReportReporter -->
<testsuite skipped="0" hostname="Josephs-MacBoo.local" name="com.fbistech.RCode_Terminal.TestCases.CheckBalance_TestCase" tests="1" failures="0" timestamp="2021-06-23T05:50:16 WAT" time="4.619" errors="0">
  <testcase name="verifyUserCanCheckBalance" time="4.619" classname="com.fbistech.RCode_Terminal.TestCases.CheckBalance_TestCase"/>
  <system-out/>
</testsuite> <!-- com.fbistech.RCode_Terminal.TestCases.CheckBalance_TestCase -->
