<?xml version="1.0" encoding="UTF-8"?>
<!-- Generated by org.testng.reporters.JUnitReportReporter -->
<testsuite skipped="0" hostname="Josephs-MacBook-Pro.local" name="com.fbistech.RCode_Terminal.TestCases.DirectDealerFunding_TestCase" tests="1" failures="0" timestamp="2021-06-28T01:59:24 WAT" time="25.784" errors="0">
  <testcase name="verifyDealerCanNotFundRetailer_NotDealerDownline" time="25.784" classname="com.fbistech.RCode_Terminal.TestCases.DirectDealerFunding_TestCase"/>
  <system-out/>
</testsuite> <!-- com.fbistech.RCode_Terminal.TestCases.DirectDealerFunding_TestCase -->
